#
# A fatal error has been detected by the Java Runtime Environment:
#
#  EXCEPTION_ACCESS_VIOLATION (0xc0000005) at pc=0x0000000077838e18, pid=6304, tid=2388
#
# JRE version: Java(TM) SE Runtime Environment (8.0_73-b02) (build 1.8.0_73-b02)
# Java VM: Java HotSpot(TM) 64-Bit Server VM (25.73-b02 mixed mode windows-amd64 compressed oops)
# Problematic frame:
# V  [jvm.dll+0x138e18]
#
# Failed to write core dump. Minidumps are not enabled by default on client versions of Windows
#
# If you would like to submit a bug report, please visit:
#   http://bugreport.java.com/bugreport/crash.jsp
#

---------------  T H R E A D  ---------------

Current thread (0x000000000208e000):  GCTaskThread [stack: 0x00000000121d0000,0x00000000122d0000] [id=2388]

siginfo: ExceptionCode=0xc0000005, reading address 0xffffffffffffffff

Registers:
RAX=0x0000000012780000, RBX=0x000000000000006f, RCX=0x0000000000000000, RDX=0x0000000000000000
RSP=0x00000000122cfb90, RBP=0x00000000152bffe0, RSI=0x00000000c24f4718, RDI=0x0000000000200000
R8 =0x007fffffffa01000, R9 =0x0000000000000000, R10=0x000000000000000c, R11=0x0000000000000000
R12=0x00000000c24f4738, R13=0x000000000000002c, R14=0x00000000c24f4678, R15=0x000000000000002c
RIP=0x0000000077838e18, EFLAGS=0x0000000000010246

Top of Stack: (sp=0x00000000122cfb90)
0x00000000122cfb90:   00000000c24f4678 00000000778133d6
0x00000000122cfba0:   00000000c24f4678 00000000c24f4674
0x00000000122cfbb0:   00000000152bffe0 0000000077838f33
0x00000000122cfbc0:   0000000000000000 000000000208e6d0
0x00000000122cfbd0:   000000000208a380 0000000000000200
0x00000000122cfbe0:   000000000000006f 0000000077af28d0
0x00000000122cfbf0:   00000000152bffe0 00000000c24c8110
0x00000000122cfc00:   0000000077d4af98 0000000077d4af98
0x00000000122cfc10:   000002000000002d 000002010000002d
0x00000000122cfc20:   0000000015374250 00000000c24c8110
0x00000000122cfc30:   0000000000000200 0000000077811a02
0x00000000122cfc40:   00000000c14d4208 0000000000000000
0x00000000122cfc50:   0000000000000000 000000000208a380
0x00000000122cfc60:   000000000208e6e0 000000000208e6d0
0x00000000122cfc70:   0000000077d4af98 00000000152bffe0
0x00000000122cfc80:   0000000000000000 00000000122cfd09 

Instructions: (pc=0x0000000077838e18)
0x0000000077838df8:   05 03 78 6d 00 49 c1 e8 03 49 d3 e8 41 0f b6 c0
0x0000000077838e08:   49 c1 e8 06 24 3f 0f b6 d0 48 8b 05 18 78 6d 00
0x0000000077838e18:   4a 8b 0c c0 48 0f a3 d1 72 3e 48 8b cf e8 f6 0c
0x0000000077838e28:   fd ff 84 c0 74 32 48 8b d7 48 8b cd e8 c7 db fc 


Register to memory mapping:

RAX=0x0000000012780000 is an unknown value
RBX=0x000000000000006f is an unknown value
RCX=0x0000000000000000 is an unknown value
RDX=0x0000000000000000 is an unknown value
RSP=0x00000000122cfb90 is an unknown value
RBP=0x00000000152bffe0 is an unknown value
RSI=0x00000000c24f4718 is pointing into object: 0x00000000c24f4678
[Lcom.android.dx.rop.code.RegisterSpec; 
 - klass: 'com/android/dx/rop/code/RegisterSpec'[]
 - length: 44
RDI=0x0000000000200000 is an unknown value
R8 =0x007fffffffa01000 is an unknown value
R9 =0x0000000000000000 is an unknown value
R10=0x000000000000000c is an unknown value
R11=0x0000000000000000 is an unknown value
R12=0x00000000c24f4738 is an oop
com.android.dx.dex.code.SimpleInsn 
 - klass: 'com/android/dx/dex/code/SimpleInsn'
R13=0x000000000000002c is an unknown value
R14=0x00000000c24f4678 is an oop
[Lcom.android.dx.rop.code.RegisterSpec; 
 - klass: 'com/android/dx/rop/code/RegisterSpec'[]
 - length: 44
R15=0x000000000000002c is an unknown value


Stack: [0x00000000121d0000,0x00000000122d0000],  sp=0x00000000122cfb90,  free space=1022k
Native frames: (J=compiled Java code, j=interpreted, Vv=VM code, C=native code)
V  [jvm.dll+0x138e18]
V  [jvm.dll+0x3f28d0]
V  [jvm.dll+0x3ef860]
V  [jvm.dll+0x3ed3fe]
V  [jvm.dll+0x29a10a]
C  [msvcr100.dll+0x21d9f]
C  [msvcr100.dll+0x21e3b]
C  [kernel32.dll+0x159ed]
C  [ntdll.dll+0x2c541]


---------------  P R O C E S S  ---------------

Java Threads: ( => current thread )
  0x00000000167a9800 JavaThread "pool-1-thread-4" [_thread_blocked, id=8456, stack(0x0000000019060000,0x0000000019160000)]
  0x000000001685b000 JavaThread "pool-1-thread-3" [_thread_blocked, id=4188, stack(0x00000000191c0000,0x00000000192c0000)]
  0x0000000016851000 JavaThread "pool-1-thread-2" [_thread_blocked, id=8292, stack(0x0000000018f60000,0x0000000019060000)]
  0x0000000016850800 JavaThread "pool-2-thread-1" [_thread_blocked, id=3084, stack(0x0000000018e40000,0x0000000018f40000)]
  0x000000001684f800 JavaThread "pool-1-thread-1" [_thread_blocked, id=4840, stack(0x0000000018ca0000,0x0000000018da0000)]
  0x00000000165dd000 JavaThread "Service Thread" daemon [_thread_blocked, id=8460, stack(0x0000000018330000,0x0000000018430000)]
  0x000000001659d800 JavaThread "C1 CompilerThread3" daemon [_thread_blocked, id=6716, stack(0x00000000181e0000,0x00000000182e0000)]
  0x000000001656a000 JavaThread "C2 CompilerThread2" daemon [_thread_blocked, id=1352, stack(0x00000000180a0000,0x00000000181a0000)]
  0x000000001654d800 JavaThread "C2 CompilerThread1" daemon [_thread_blocked, id=8396, stack(0x0000000017ed0000,0x0000000017fd0000)]
  0x000000001652e800 JavaThread "C2 CompilerThread0" daemon [_thread_blocked, id=7636, stack(0x0000000017cb0000,0x0000000017db0000)]
  0x000000001652d000 JavaThread "Attach Listener" daemon [_thread_blocked, id=6272, stack(0x0000000017b30000,0x0000000017c30000)]
  0x000000001652c000 JavaThread "Signal Dispatcher" daemon [_thread_blocked, id=2112, stack(0x00000000179c0000,0x0000000017ac0000)]
  0x000000001536b000 JavaThread "Finalizer" daemon [_thread_blocked, id=7588, stack(0x0000000017770000,0x0000000017870000)]
  0x0000000015364800 JavaThread "Reference Handler" daemon [_thread_blocked, id=748, stack(0x0000000017450000,0x0000000017550000)]
  0x000000000212f000 JavaThread "main" [_thread_blocked, id=2220, stack(0x0000000002450000,0x0000000002550000)]

Other Threads:
  0x00000000164e0800 VMThread [stack: 0x00000000175a0000,0x00000000176a0000] [id=4212]
  0x00000000165e2000 WatcherThread [stack: 0x0000000017880000,0x0000000017980000] [id=6692]

=>0x000000000208e000 (exited) GCTaskThread [stack: 0x00000000121d0000,0x00000000122d0000] [id=2388]

VM state:at safepoint (normal execution)

VM Mutex/Monitor currently owned by a thread:  ([mutex/lock_event])
[0x000000000212c740] Threads_lock - owner thread: 0x00000000164e0800
[0x000000000212cc40] Heap_lock - owner thread: 0x000000000212f000

Heap:
 PSYoungGen      total 189440K, used 70648K [0x00000000eab00000, 0x0000000100000000, 0x0000000100000000)
  eden space 118784K, 0% used [0x00000000eab00000,0x00000000eab00000,0x00000000f1f00000)
  from space 70656K, 99% used [0x00000000fbb00000,0x00000000ffffe3f0,0x0000000100000000)
  to   space 115200K, 0% used [0x00000000f1f00000,0x00000000f1f00000,0x00000000f8f80000)
 ParOldGen       total 139776K, used 139535K [0x00000000c0000000, 0x00000000c8880000, 0x00000000eab00000)
  object space 139776K, 99% used [0x00000000c0000000,0x00000000c8843c30,0x00000000c8880000)
 Metaspace       used 6428K, capacity 7192K, committed 7424K, reserved 1056768K
  class space    used 622K, capacity 656K, committed 768K, reserved 1048576K

Card table byte_map: [0x0000000011be0000,0x0000000011df0000] byte_map_base: 0x00000000115e0000

Marking Bits: (ParMarkBitMap*) 0x0000000077f10600
 Begin Bits: [0x0000000012780000, 0x0000000013780000)
 End Bits:   [0x0000000013780000, 0x0000000014780000)

Polling page: 0x0000000001b60000

CodeCache: size=245760Kb used=8528Kb max_used=10434Kb free=237232Kb
 bounds [0x0000000002820000, 0x0000000003270000, 0x0000000011820000]
 total_blobs=2027 nmethods=1759 adapters=181
 compilation: enabled

Compilation events (10 events):
Event: 30.084 Thread 0x000000001656a000 2331       4       com.android.dx.ssa.Dominators::getPreds (17 bytes)
Event: 30.085 Thread 0x000000001656a000 nmethod 2331 0x000000000313e590 code [0x000000000313e6c0, 0x000000000313e738]
Event: 30.166 Thread 0x000000001659d800 2332 %     3       com.android.dx.ssa.back.FirstFitLocalCombiningAllocator::tryMapRegs @ 9 (110 bytes)
Event: 30.168 Thread 0x000000001659d800 nmethod 2332% 0x0000000002acacd0 code [0x0000000002acaf20, 0x0000000002acbdc8]
Event: 30.168 Thread 0x000000001659d800 2334       3       com.android.dx.ssa.SsaBasicBlock::setRegsUsed (27 bytes)
Event: 30.169 Thread 0x000000001659d800 nmethod 2334 0x0000000002aab9d0 code [0x0000000002aabb80, 0x0000000002aac0f8]
Event: 30.169 Thread 0x000000001659d800 2335       3       java.util.ArrayList$SubList::set (40 bytes)
Event: 30.170 Thread 0x000000001659d800 nmethod 2335 0x0000000002a09190 code [0x0000000002a09360, 0x0000000002a09988]
Event: 30.170 Thread 0x000000001659d800 2333       3       com.android.dx.ssa.SsaBasicBlock::scheduleUseBeforeAssigned (389 bytes)
Event: 30.177 Thread 0x000000001659d800 nmethod 2333 0x0000000002aae910 code [0x0000000002aaef60, 0x0000000002ab34e8]

GC Heap History (10 events):
Event: 20.842 GC heap after
Heap after GC invocations=5 (full 0):
 PSYoungGen      total 138240K, used 5112K [0x00000000eab00000, 0x0000000100000000, 0x0000000100000000)
  eden space 133120K, 0% used [0x00000000eab00000,0x00000000eab00000,0x00000000f2d00000)
  from space 5120K, 99% used [0x00000000f2d00000,0x00000000f31fe328,0x00000000f3200000)
  to   space 52224K, 0% used [0x00000000fcd00000,0x00000000fcd00000,0x0000000100000000)
 ParOldGen       total 87552K, used 81285K [0x00000000c0000000, 0x00000000c5580000, 0x00000000eab00000)
  object space 87552K, 92% used [0x00000000c0000000,0x00000000c4f61530,0x00000000c5580000)
 Metaspace       used 6345K, capacity 7128K, committed 7424K, reserved 1056768K
  class space    used 622K, capacity 656K, committed 768K, reserved 1048576K
}
Event: 20.842 GC heap before
{Heap before GC invocations=6 (full 1):
 PSYoungGen      total 138240K, used 5112K [0x00000000eab00000, 0x0000000100000000, 0x0000000100000000)
  eden space 133120K, 0% used [0x00000000eab00000,0x00000000eab00000,0x00000000f2d00000)
  from space 5120K, 99% used [0x00000000f2d00000,0x00000000f31fe328,0x00000000f3200000)
  to   space 52224K, 0% used [0x00000000fcd00000,0x00000000fcd00000,0x0000000100000000)
 ParOldGen       total 87552K, used 81285K [0x00000000c0000000, 0x00000000c5580000, 0x00000000eab00000)
  object space 87552K, 92% used [0x00000000c0000000,0x00000000c4f61530,0x00000000c5580000)
 Metaspace       used 6345K, capacity 7128K, committed 7424K, reserved 1056768K
  class space    used 622K, capacity 656K, committed 768K, reserved 1048576K
Event: 22.778 GC heap after
Heap after GC invocations=6 (full 1):
 PSYoungGen      total 138240K, used 0K [0x00000000eab00000, 0x0000000100000000, 0x0000000100000000)
  eden space 133120K, 0% used [0x00000000eab00000,0x00000000eab00000,0x00000000f2d00000)
  from space 5120K, 0% used [0x00000000f2d00000,0x00000000f2d00000,0x00000000f3200000)
  to   space 52224K, 0% used [0x00000000fcd00000,0x00000000fcd00000,0x0000000100000000)
 ParOldGen       total 133120K, used 43105K [0x00000000c0000000, 0x00000000c8200000, 0x00000000eab00000)
  object space 133120K, 32% used [0x00000000c0000000,0x00000000c2a18490,0x00000000c8200000)
 Metaspace       used 6345K, capacity 7128K, committed 7424K, reserved 1056768K
  class space    used 622K, capacity 656K, committed 768K, reserved 1048576K
}
Event: 26.429 GC heap before
{Heap before GC invocations=7 (full 1):
 PSYoungGen      total 138240K, used 133120K [0x00000000eab00000, 0x0000000100000000, 0x0000000100000000)
  eden space 133120K, 100% used [0x00000000eab00000,0x00000000f2d00000,0x00000000f2d00000)
  from space 5120K, 0% used [0x00000000f2d00000,0x00000000f2d00000,0x00000000f3200000)
  to   space 52224K, 0% used [0x00000000fcd00000,0x00000000fcd00000,0x0000000100000000)
 ParOldGen       total 133120K, used 43105K [0x00000000c0000000, 0x00000000c8200000, 0x00000000eab00000)
  object space 133120K, 32% used [0x00000000c0000000,0x00000000c2a18490,0x00000000c8200000)
 Metaspace       used 6357K, capacity 7128K, committed 7424K, reserved 1056768K
  class space    used 622K, capacity 656K, committed 768K, reserved 1048576K
Event: 26.974 GC heap after
Heap after GC invocations=7 (full 1):
 PSYoungGen      total 249856K, used 17765K [0x00000000eab00000, 0x00000000fe500000, 0x0000000100000000)
  eden space 225280K, 0% used [0x00000000eab00000,0x00000000eab00000,0x00000000f8700000)
  from space 24576K, 72% used [0x00000000fcd00000,0x00000000fde59480,0x00000000fe500000)
  to   space 48128K, 0% used [0x00000000f8700000,0x00000000f8700000,0x00000000fb600000)
 ParOldGen       total 133120K, used 43105K [0x00000000c0000000, 0x00000000c8200000, 0x00000000eab00000)
  object space 133120K, 32% used [0x00000000c0000000,0x00000000c2a18490,0x00000000c8200000)
 Metaspace       used 6357K, capacity 7128K, committed 7424K, reserved 1056768K
  class space    used 622K, capacity 656K, committed 768K, reserved 1048576K
}
Event: 28.555 GC heap before
{Heap before GC invocations=8 (full 1):
 PSYoungGen      total 249856K, used 243045K [0x00000000eab00000, 0x00000000fe500000, 0x0000000100000000)
  eden space 225280K, 100% used [0x00000000eab00000,0x00000000f8700000,0x00000000f8700000)
  from space 24576K, 72% used [0x00000000fcd00000,0x00000000fde59480,0x00000000fe500000)
  to   space 48128K, 0% used [0x00000000f8700000,0x00000000f8700000,0x00000000fb600000)
 ParOldGen       total 133120K, used 43105K [0x00000000c0000000, 0x00000000c8200000, 0x00000000eab00000)
  object space 133120K, 32% used [0x00000000c0000000,0x00000000c2a18490,0x00000000c8200000)
 Metaspace       used 6405K, capacity 7192K, committed 7424K, reserved 1056768K
  class space    used 622K, capacity 656K, committed 768K, reserved 1048576K
Event: 29.257 GC heap after
Heap after GC invocations=8 (full 1):
 PSYoungGen      total 273408K, used 48121K [0x00000000eab00000, 0x0000000100000000, 0x0000000100000000)
  eden space 225280K, 0% used [0x00000000eab00000,0x00000000eab00000,0x00000000f8700000)
  from space 48128K, 99% used [0x00000000f8700000,0x00000000fb5fe7a0,0x00000000fb600000)
  to   space 70656K, 0% used [0x00000000fbb00000,0x00000000fbb00000,0x0000000100000000)
 ParOldGen       total 133120K, used 68273K [0x00000000c0000000, 0x00000000c8200000, 0x00000000eab00000)
  object space 133120K, 51% used [0x00000000c0000000,0x00000000c42ac7a8,0x00000000c8200000)
 Metaspace       used 6405K, capacity 7192K, committed 7424K, reserved 1056768K
  class space    used 622K, capacity 656K, committed 768K, reserved 1048576K
}
Event: 30.545 GC heap before
{Heap before GC invocations=9 (full 1):
 PSYoungGen      total 273408K, used 273401K [0x00000000eab00000, 0x0000000100000000, 0x0000000100000000)
  eden space 225280K, 100% used [0x00000000eab00000,0x00000000f8700000,0x00000000f8700000)
  from space 48128K, 99% used [0x00000000f8700000,0x00000000fb5fe7a0,0x00000000fb600000)
  to   space 70656K, 0% used [0x00000000fbb00000,0x00000000fbb00000,0x0000000100000000)
 ParOldGen       total 133120K, used 68273K [0x00000000c0000000, 0x00000000c8200000, 0x00000000eab00000)
  object space 133120K, 51% used [0x00000000c0000000,0x00000000c42ac7a8,0x00000000c8200000)
 Metaspace       used 6428K, capacity 7192K, committed 7424K, reserved 1056768K
  class space    used 622K, capacity 656K, committed 768K, reserved 1048576K
Event: 31.301 GC heap after
Heap after GC invocations=9 (full 1):
 PSYoungGen      total 189440K, used 70648K [0x00000000eab00000, 0x0000000100000000, 0x0000000100000000)
  eden space 118784K, 0% used [0x00000000eab00000,0x00000000eab00000,0x00000000f1f00000)
  from space 70656K, 99% used [0x00000000fbb00000,0x00000000ffffe3f0,0x0000000100000000)
  to   space 115200K, 0% used [0x00000000f1f00000,0x00000000f1f00000,0x00000000f8f80000)
 ParOldGen       total 139776K, used 139535K [0x00000000c0000000, 0x00000000c8880000, 0x00000000eab00000)
  object space 139776K, 99% used [0x00000000c0000000,0x00000000c8843c30,0x00000000c8880000)
 Metaspace       used 6428K, capacity 7192K, committed 7424K, reserved 1056768K
  class space    used 622K, capacity 656K, committed 768K, reserved 1048576K
}
Event: 31.301 GC heap before
{Heap before GC invocations=10 (full 2):
 PSYoungGen      total 189440K, used 70648K [0x00000000eab00000, 0x0000000100000000, 0x0000000100000000)
  eden space 118784K, 0% used [0x00000000eab00000,0x00000000eab00000,0x00000000f1f00000)
  from space 70656K, 99% used [0x00000000fbb00000,0x00000000ffffe3f0,0x0000000100000000)
  to   space 115200K, 0% used [0x00000000f1f00000,0x00000000f1f00000,0x00000000f8f80000)
 ParOldGen       total 139776K, used 139535K [0x00000000c0000000, 0x00000000c8880000, 0x00000000eab00000)
  object space 139776K, 99% used [0x00000000c0000000,0x00000000c8843c30,0x00000000c8880000)
 Metaspace       used 6428K, capacity 7192K, committed 7424K, reserved 1056768K
  class space    used 622K, capacity 656K, committed 768K, reserved 1048576K

Deoptimization events (10 events):
Event: 29.325 Thread 0x000000000212f000 Uncommon trap: reason=bimorphic action=maybe_recompile pc=0x00000000032231d8 method=com.android.dx.cf.code.BytecodeArray.parseInstruction(ILcom/android/dx/cf/code/BytecodeArray$Visitor;)I @ 1501
Event: 29.330 Thread 0x000000000212f000 Uncommon trap: reason=unstable_if action=reinterpret pc=0x000000000317a7d0 method=com.android.dx.ssa.InterferenceRegisterMapper.areAnyPinned(Lcom/android/dx/rop/code/RegisterSpecList;II)Z @ 55
Event: 29.337 Thread 0x000000000212f000 Uncommon trap: reason=class_check action=maybe_recompile pc=0x00000000031cec80 method=com.android.dx.ssa.SCCP.simulateMath(Lcom/android/dx/ssa/SsaInsn;I)Lcom/android/dx/rop/cst/Constant; @ 67
Event: 29.337 Thread 0x000000000212f000 Uncommon trap: reason=class_check action=maybe_recompile pc=0x00000000031cec80 method=com.android.dx.ssa.SCCP.simulateMath(Lcom/android/dx/ssa/SsaInsn;I)Lcom/android/dx/rop/cst/Constant; @ 67
Event: 29.338 Thread 0x000000000212f000 Uncommon trap: reason=class_check action=maybe_recompile pc=0x00000000031cec80 method=com.android.dx.ssa.SCCP.simulateMath(Lcom/android/dx/ssa/SsaInsn;I)Lcom/android/dx/rop/cst/Constant; @ 67
Event: 29.338 Thread 0x000000000212f000 Uncommon trap: reason=class_check action=maybe_recompile pc=0x00000000031cec80 method=com.android.dx.ssa.SCCP.simulateMath(Lcom/android/dx/ssa/SsaInsn;I)Lcom/android/dx/rop/cst/Constant; @ 67
Event: 29.589 Thread 0x000000000212f000 Uncommon trap: reason=unstable_if action=reinterpret pc=0x000000000309acf8 method=java.lang.Integer.valueOf(I)Ljava/lang/Integer; @ 10
Event: 29.790 Thread 0x000000000212f000 Uncommon trap: reason=unstable_if action=reinterpret pc=0x00000000030e3084 method=com.android.dx.dex.code.RopTranslator.pickOrder()V @ 130
Event: 30.009 Thread 0x000000000212f000 Uncommon trap: reason=unstable_if action=reinterpret pc=0x000000000310de48 method=com.android.dx.ssa.Dominators.run()V @ 346
Event: 30.027 Thread 0x000000000212f000 Uncommon trap: reason=unstable_if action=reinterpret pc=0x000000000321605c method=com.android.dx.cf.code.Merger.mergeStack(Lcom/android/dx/cf/code/ExecutionStack;Lcom/android/dx/cf/code/ExecutionStack;)Lcom/android/dx/cf/code/ExecutionStack; @ 2

Internal exceptions (7 events):
Event: 0.082 Thread 0x000000000212f000 Exception <a 'java/lang/NoSuchMethodError': Method sun.misc.Unsafe.defineClass(Ljava/lang/String;[BII)Ljava/lang/Class; name or signature does not match> (0x00000000eab0d5d0) thrown at [D:\re\puppet\workspace\8-2-build-windows-amd64-cygwin\jdk8u73\6086\hot
Event: 0.082 Thread 0x000000000212f000 Exception <a 'java/lang/NoSuchMethodError': Method sun.misc.Unsafe.prefetchRead(Ljava/lang/Object;J)V name or signature does not match> (0x00000000eab0d8b8) thrown at [D:\re\puppet\workspace\8-2-build-windows-amd64-cygwin\jdk8u73\6086\hotspot\src\share\vm\ï'p{’Õ"@
Event: 9.417 Thread 0x000000001685b000 Exception <a 'java/lang/ArrayIndexOutOfBoundsException': 18> (0x00000000ed530a30) thrown at [D:\re\puppet\workspace\8-2-build-windows-amd64-cygwin\jdk8u73\6086\hotspot\src\share\vm\interpreter\interpreterRuntime.cpp, line 366]
Event: 9.418 Thread 0x000000001685b000 Exception <a 'java/lang/ArrayIndexOutOfBoundsException': 145> (0x00000000ed5325b0) thrown at [D:\re\puppet\workspace\8-2-build-windows-amd64-cygwin\jdk8u73\6086\hotspot\src\share\vm\interpreter\interpreterRuntime.cpp, line 366]
Event: 9.421 Thread 0x000000001685b000 Exception <a 'java/lang/ArrayIndexOutOfBoundsException'> (0x00000000ed533898) thrown at [D:\re\puppet\workspace\8-2-build-windows-amd64-cygwin\jdk8u73\6086\hotspot\src\share\vm\runtime\sharedRuntime.cpp, line 605]
Event: 23.522 Thread 0x000000000212f000 Implicit null exception at 0x0000000003121987 to 0x000000000312b74d
Event: 27.285 Thread 0x000000000212f000 Implicit null exception at 0x0000000002965a1c to 0x0000000002965a3e

Events (10 events):
Event: 29.790 Thread 0x000000000212f000 DEOPT UNPACKING pc=0x000000000286582a sp=0x000000000254e260 mode 2
Event: 30.009 Thread 0x000000000212f000 Uncommon trap: trap_request=0xffffff65 fr.pc=0x000000000310de48
Event: 30.009 Thread 0x000000000212f000 DEOPT PACKING pc=0x000000000310de48 sp=0x000000000254dff0
Event: 30.009 Thread 0x000000000212f000 DEOPT UNPACKING pc=0x000000000286582a sp=0x000000000254dfa0 mode 2
Event: 30.027 Thread 0x000000000212f000 Uncommon trap: trap_request=0xffffff65 fr.pc=0x000000000321605c
Event: 30.027 Thread 0x000000000212f000 DEOPT PACKING pc=0x000000000321605c sp=0x000000000254e080
Event: 30.027 Thread 0x000000000212f000 DEOPT UNPACKING pc=0x000000000286582a sp=0x000000000254df38 mode 2
Event: 30.038 Thread 0x000000000212f000 DEOPT PACKING pc=0x0000000002ae5cf7 sp=0x000000000254e280
Event: 30.038 Thread 0x000000000212f000 DEOPT UNPACKING pc=0x000000000286747f sp=0x000000000254dfd8 mode 0
Event: 30.238 Executing VM operation: ParallelGCFailedAllocation


Dynamic libraries:
0x000000013f060000 - 0x000000013f097000 	C:\Program Files\Java\jdk1.8.0_73\bin\java.exe
0x0000000077260000 - 0x0000000077409000 	C:\Windows\SYSTEM32\ntdll.dll
0x0000000077140000 - 0x000000007725f000 	C:\Windows\system32\kernel32.dll
0x000007fefd270000 - 0x000007fefd2dc000 	C:\Windows\system32\KERNELBASE.dll
0x000007fefea40000 - 0x000007fefeb1b000 	C:\Windows\system32\ADVAPI32.dll
0x000007fefe890000 - 0x000007fefe92f000 	C:\Windows\system32\msvcrt.dll
0x000007fefe4c0000 - 0x000007fefe4df000 	C:\Windows\SYSTEM32\sechost.dll
0x000007fefd3f0000 - 0x000007fefd51d000 	C:\Windows\system32\RPCRT4.dll
0x0000000077040000 - 0x000000007713a000 	C:\Windows\system32\USER32.dll
0x000007feff2b0000 - 0x000007feff317000 	C:\Windows\system32\GDI32.dll
0x000007fefd3e0000 - 0x000007fefd3ee000 	C:\Windows\system32\LPK.dll
0x000007fefeb20000 - 0x000007fefebe9000 	C:\Windows\system32\USP10.dll
0x000007fefbb90000 - 0x000007fefbd84000 	C:\Windows\WinSxS\amd64_microsoft.windows.common-controls_6595b64144ccf1df_6.0.7601.17514_none_fa396087175ac9ac\COMCTL32.dll
0x000007fefe2b0000 - 0x000007fefe321000 	C:\Windows\system32\SHLWAPI.dll
0x000007fefef20000 - 0x000007fefef4e000 	C:\Windows\system32\IMM32.DLL
0x000007fefe930000 - 0x000007fefea39000 	C:\Windows\system32\MSCTF.dll
0x0000000050460000 - 0x0000000050532000 	C:\Program Files\Java\jdk1.8.0_73\jre\bin\msvcr100.dll
0x0000000077700000 - 0x0000000077f90000 	C:\Program Files\Java\jdk1.8.0_73\jre\bin\server\jvm.dll
0x000007fef80b0000 - 0x000007fef80b9000 	C:\Windows\system32\WSOCK32.dll
0x000007fefe4e0000 - 0x000007fefe52d000 	C:\Windows\system32\WS2_32.dll
0x000007fefeff0000 - 0x000007fefeff8000 	C:\Windows\system32\NSI.dll
0x000007fefa240000 - 0x000007fefa27b000 	C:\Windows\system32\WINMM.dll
0x000007fefc080000 - 0x000007fefc08c000 	C:\Windows\system32\VERSION.dll
0x0000000077420000 - 0x0000000077427000 	C:\Windows\system32\PSAPI.DLL
0x0000000054fd0000 - 0x0000000054fdf000 	C:\Program Files\Java\jdk1.8.0_73\jre\bin\verify.dll
0x00000000505f0000 - 0x0000000050619000 	C:\Program Files\Java\jdk1.8.0_73\jre\bin\java.dll
0x0000000054fb0000 - 0x0000000054fc6000 	C:\Program Files\Java\jdk1.8.0_73\jre\bin\zip.dll
0x000007fefd520000 - 0x000007fefe2a8000 	C:\Windows\system32\SHELL32.dll
0x000007feff000000 - 0x000007feff203000 	C:\Windows\system32\ole32.dll
0x000007fefd020000 - 0x000007fefd02f000 	C:\Windows\system32\profapi.dll
0x000007fef79c0000 - 0x000007fef7ae5000 	C:\Windows\system32\dbghelp.dll

VM Arguments:
jvm_args: -Djava.awt.headless=true -Xmx1024M -Dfile.encoding=windows-1252 -Duser.country=US -Duser.language=en -Duser.variant 
java_command: com.android.dx.command.Main --dex --num-threads=4 --output D:\AndroidStudioProjects\LoanCalc\app\build\intermediates\pre-dexed\release\com.google.android.gms-play-services-ads-9.6.1_7dbe414f5a7fa8e36162a9fb8b66418cbadea606.jar D:\AndroidStudioProjects\LoanCalc\app\build\intermediates\exploded-aar\com.google.android.gms\play-services-ads\9.6.1\jars\classes.jar
java_class_path (initial): D:\softs\sdk\build-tools\24.0.0\lib\dx.jar
Launcher Type: SUN_STANDARD

Environment Variables:
JAVA_HOME=C:\Program Files\Java\jdk1.8.0_73
PATH=C:\ProgramData\Oracle\Java\javapath;C:\Windows\system32;C:\Windows;C:\Windows\System32\Wbem;C:\Windows\System32\WindowsPowerShell\v1.0\;C:\Program Files (x86)\NVIDIA Corporation\PhysX\Common;C:\Program Files (x86)\Skype\Phone\;C:\Program Files\Git\cmd;C:\Program Files\nodejs\;C:\Program Files\Java\jdk1.8.0_73;C:\Windows\system32\config\systemprofile\.dnx\bin;C:\Program Files\Microsoft DNX\Dnvm\;C:\Program Files\Microsoft SQL Server\130\Tools\Binn\;C:\Program Files\Intel\WiFi\bin\;C:\Program Files\Common Files\Intel\WirelessCommon\;C:\Users\sivarock\AppData\Roaming\npm
USERNAME=sivarock
OS=Windows_NT
PROCESSOR_IDENTIFIER=Intel64 Family 6 Model 30 Stepping 5, GenuineIntel



---------------  S Y S T E M  ---------------

OS: Windows 7 , 64 bit Build 7601 (6.1.7601.18409)

CPU:total 8 (4 cores per cpu, 2 threads per core) family 6 model 30 stepping 5, cmov, cx8, fxsr, mmx, sse, sse2, sse3, ssse3, sse4.1, sse4.2, popcnt, ht, tsc, tscinvbit

Memory: 4k page, physical 8319428k(908520k free), swap 16637000k(6238328k free)

vm_info: Java HotSpot(TM) 64-Bit Server VM (25.73-b02) for windows-amd64 JRE (1.8.0_73-b02), built on Jan 29 2016 17:38:49 by "java_re" with MS VC++ 10.0 (VS2010)

time: Tue Sep 27 23:56:46 2016
elapsed time: 31 seconds (0d 0h 0m 31s)

